2025-07-19 09:08:11,153 - werkzeug - WARNING -  * Debugger is active!
2025-07-19 09:08:11,159 - werkzeug - INFO -  * Debugger PIN: 667-862-980
2025-07-19 09:08:12,193 - werkzeug - WARNING -  * Debugger is active!
2025-07-19 09:08:12,199 - werkzeug - INFO -  * Debugger PIN: 667-862-980
2025-07-19 09:08:27,247 - werkzeug - INFO - [31m[1mWARNING: This is a development server. Do not use it in a production deployment. Use a production WSGI server instead.[0m
 * Running on all addresses (0.0.0.0)
 * Running on http://127.0.0.1:5000
 * Running on http://192.168.1.7:5000
2025-07-19 09:08:27,248 - werkzeug - INFO - [33mPress CTRL+C to quit[0m
2025-07-19 09:08:27,250 - werkzeug - INFO -  * Restarting with stat
2025-07-19 09:08:28,494 - werkzeug - WARNING -  * Debugger is active!
2025-07-19 09:08:28,498 - werkzeug - INFO -  * Debugger PIN: 667-862-980
2025-07-19 09:10:55,022 - werkzeug - INFO -  * Detected change in 'D:\\IITJ Projects\\Nexus-Insight-Engine\\data_acquisition\\market_clening.py', reloading
2025-07-19 09:10:55,312 - werkzeug - INFO -  * Detected change in 'D:\\IITJ Projects\\Nexus-Insight-Engine\\data_acquisition\\market_clening.py', reloading
2025-07-19 09:10:55,457 - werkzeug - INFO -  * Restarting with stat
2025-07-19 09:10:56,505 - werkzeug - WARNING -  * Debugger is active!
2025-07-19 09:10:56,510 - werkzeug - INFO -  * Debugger PIN: 667-862-980
2025-07-19 09:10:56,630 - werkzeug - WARNING -  * Debugger is active!
2025-07-19 09:10:56,634 - werkzeug - INFO -  * Debugger PIN: 667-862-980
2025-07-19 09:11:01,696 - __main__.YahooFinanceAPI - INFO - Fetching stock data for ^GSPC
2025-07-19 09:11:03,235 - werkzeug - INFO - 127.0.0.1 - - [19/Jul/2025 09:11:03] "GET /api/stock/^GSPC?period=1y HTTP/1.1" 200 -
2025-07-19 09:11:05,329 - __main__.YahooFinanceAPI - INFO - Fetching stock data for EURUSD=X
2025-07-19 09:11:05,812 - werkzeug - INFO - 127.0.0.1 - - [19/Jul/2025 09:11:05] "GET /api/stock/EURUSD=X?period=1y HTTP/1.1" 200 -
2025-07-19 09:12:33,465 - werkzeug - INFO -  * Detected change in 'D:\\IITJ Projects\\Nexus-Insight-Engine\\data_acquisition\\market_clening.py', reloading
2025-07-19 09:12:34,838 - werkzeug - INFO -  * Detected change in 'D:\\IITJ Projects\\Nexus-Insight-Engine\\data_acquisition\\market_clening.py', reloading
2025-07-19 09:12:35,042 - werkzeug - INFO -  * Restarting with stat
2025-07-19 09:12:35,203 - werkzeug - WARNING -  * Debugger is active!
2025-07-19 09:12:35,207 - werkzeug - INFO -  * Debugger PIN: 667-862-980
2025-07-19 09:12:36,239 - werkzeug - WARNING -  * Debugger is active!
2025-07-19 09:12:36,244 - werkzeug - INFO -  * Debugger PIN: 667-862-980
2025-07-19 09:12:38,718 - __main__.YahooFinanceAPI - INFO - Fetching stock data for ^GSPC
2025-07-19 09:12:41,204 - werkzeug - INFO - 127.0.0.1 - - [19/Jul/2025 09:12:41] "GET /api/stock/^GSPC?period=1y HTTP/1.1" 200 -
2025-07-19 09:12:43,265 - __main__.YahooFinanceAPI - INFO - Fetching stock data for EURUSD=X
2025-07-19 09:12:43,817 - werkzeug - INFO - 127.0.0.1 - - [19/Jul/2025 09:12:43] "GET /api/stock/EURUSD=X?period=1y HTTP/1.1" 200 -
2025-07-19 09:16:15,220 - werkzeug - INFO -  * Detected change in 'D:\\IITJ Projects\\Nexus-Insight-Engine\\data_acquisition\\market_data.py', reloading
2025-07-19 09:16:15,363 - werkzeug - INFO -  * Detected change in 'D:\\IITJ Projects\\Nexus-Insight-Engine\\data_acquisition\\market_data.py', reloading
2025-07-19 09:16:15,674 - werkzeug - INFO -  * Restarting with stat
